<?xml version="1.0" encoding="UTF-8"?>
<testsuite name="AddPageTest" tests="5" skipped="0" failures="0" errors="0" timestamp="2024-01-10T14:42:20" hostname="MacBook-Air-Maks.local" time="17.207">
  <properties/>
  <testcase name="fillInBrand()" classname="AddPageTest" time="4.803"/>
  <testcase name="fillInModel()" classname="AddPageTest" time="2.85"/>
  <testcase name="fillInPrice()" classname="AddPageTest" time="3.099"/>
  <testcase name="submit()" classname="AddPageTest" time="3.373"/>
  <testcase name="open()" classname="AddPageTest" time="3.06"/>
  <system-out><![CDATA[]]></system-out>
  <system-err><![CDATA[]]></system-err>
</testsuite>
