<?xml version="1.0" encoding="UTF-8"?>
<testsuite name="com.example.MPRprojekt.AssuredControllerTest" tests="1" skipped="0" failures="0" errors="0" timestamp="2024-01-09T10:50:48" hostname="MacBook-Air-Maks.local" time="2.832">
  <properties/>
  <testcase name="testPostCar()" classname="com.example.MPRprojekt.AssuredControllerTest" time="2.832"/>
  <system-out><![CDATA[Dodano nowy samochod
]]></system-out>
  <system-err><![CDATA[]]></system-err>
</testsuite>
