<?xml version="1.0" encoding="UTF-8"?>
<testsuite name="com.example.MPRprojekt.MpRprojektApplicationTests" tests="1" skipped="0" failures="0" errors="0" timestamp="2024-01-10T14:08:40" hostname="MacBook-Air-Maks.local" time="0.682">
  <properties/>
  <testcase name="contextLoads()" classname="com.example.MPRprojekt.MpRprojektApplicationTests" time="0.682"/>
  <system-out><![CDATA[15:08:33.718 [Test worker] INFO org.springframework.test.context.support.AnnotationConfigContextLoaderUtils -- Could not detect default configuration classes for test class [com.example.MPRprojekt.MpRprojektApplicationTests]: MpRprojektApplicationTests does not declare any static, non-private, non-final, nested classes annotated with @Configuration.
15:08:33.893 [Test worker] INFO org.springframework.boot.test.context.SpringBootTestContextBootstrapper -- Found @SpringBootConfiguration com.example.MPRprojekt.MpRprojektApplication for test class com.example.MPRprojekt.MpRprojektApplicationTests

  .   ____          _            __ _ _
 /\\ / ___'_ __ _ _(_)_ __  __ _ \ \ \ \
( ( )\___ | '_ | '_| | '_ \/ _` | \ \ \ \
 \\/  ___)| |_)| | | | | || (_| |  ) ) ) )
  '  |____| .__|_| |_|_| |_\__, | / / / /
 =========|_|==============|___/=/_/_/_/
 :: Spring Boot ::                (v3.2.0)

2024-01-10T15:08:34.453+01:00  INFO 7448 --- [    Test worker] c.e.M.MpRprojektApplicationTests         : Starting MpRprojektApplicationTests using Java 17.0.2 with PID 7448 (started by maks in /Users/maks/Documents/GitHub/MPRs3/MPRbackend)
2024-01-10T15:08:34.455+01:00  INFO 7448 --- [    Test worker] c.e.M.MpRprojektApplicationTests         : No active profile set, falling back to 1 default profile: "default"
2024-01-10T15:08:35.922+01:00  INFO 7448 --- [    Test worker] .s.d.r.c.RepositoryConfigurationDelegate : Bootstrapping Spring Data JPA repositories in DEFAULT mode.
2024-01-10T15:08:36.059+01:00  INFO 7448 --- [    Test worker] .s.d.r.c.RepositoryConfigurationDelegate : Finished Spring Data repository scanning in 128 ms. Found 1 JPA repository interface.
2024-01-10T15:08:36.835+01:00  INFO 7448 --- [    Test worker] com.zaxxer.hikari.HikariDataSource       : HikariPool-1 - Starting...
2024-01-10T15:08:37.095+01:00  INFO 7448 --- [    Test worker] com.zaxxer.hikari.pool.HikariPool        : HikariPool-1 - Added connection conn0: url=jdbc:h2:mem:cab6d641-f547-4811-9613-3e41ebdbb6ee user=SA
2024-01-10T15:08:37.102+01:00  INFO 7448 --- [    Test worker] com.zaxxer.hikari.HikariDataSource       : HikariPool-1 - Start completed.
2024-01-10T15:08:37.226+01:00  INFO 7448 --- [    Test worker] o.hibernate.jpa.internal.util.LogHelper  : HHH000204: Processing PersistenceUnitInfo [name: default]
2024-01-10T15:08:37.289+01:00  INFO 7448 --- [    Test worker] org.hibernate.Version                    : HHH000412: Hibernate ORM core version 6.3.1.Final
2024-01-10T15:08:37.328+01:00  INFO 7448 --- [    Test worker] o.h.c.internal.RegionFactoryInitiator    : HHH000026: Second-level cache disabled
2024-01-10T15:08:37.604+01:00  INFO 7448 --- [    Test worker] o.s.o.j.p.SpringPersistenceUnitInfo      : No LoadTimeWeaver setup: ignoring JPA class transformer
2024-01-10T15:08:38.462+01:00  INFO 7448 --- [    Test worker] o.h.e.t.j.p.i.JtaPlatformInitiator       : HHH000489: No JTA platform available (set 'hibernate.transaction.jta.platform' to enable JTA platform integration)
2024-01-10T15:08:38.508+01:00  INFO 7448 --- [    Test worker] j.LocalContainerEntityManagerFactoryBean : Initialized JPA EntityManagerFactory for persistence unit 'default'
2024-01-10T15:08:39.949+01:00  WARN 7448 --- [    Test worker] JpaBaseConfiguration$JpaWebConfiguration : spring.jpa.open-in-view is enabled by default. Therefore, database queries may be performed during view rendering. Explicitly configure spring.jpa.open-in-view to disable this warning
2024-01-10T15:08:40.472+01:00  WARN 7448 --- [    Test worker] ion$DefaultTemplateResolverConfiguration : Cannot find template location: classpath:/templates/ (please add some templates, check your Thymeleaf configuration, or set spring.thymeleaf.check-template-location=false)
2024-01-10T15:08:40.722+01:00  INFO 7448 --- [    Test worker] c.e.M.MpRprojektApplicationTests         : Started MpRprojektApplicationTests in 6.613 seconds (process running for 8.318)
]]></system-out>
  <system-err><![CDATA[]]></system-err>
</testsuite>
